{
  "C:/Projects/Mira/src/tests/cooldowns.spec.ts": {
    "path": "C:/Projects/Mira/src/tests/cooldowns.spec.ts",
    "statementMap": {
      "0": {
        "start": {
          "line": 1,
          "column": 0
        },
        "end": {
          "line": 1,
          "column": 30
        }
      },
      "1": {
        "start": {
          "line": 2,
          "column": 0
        },
        "end": {
          "line": 2,
          "column": 49
        }
      },
      "2": {
        "start": {
          "line": 3,
          "column": 0
        },
        "end": {
          "line": 3,
          "column": 44
        }
      },
      "3": {
        "start": {
          "line": 5,
          "column": 0
        },
        "end": {
          "line": 37,
          "column": 3
        }
      },
      "4": {
        "start": {
          "line": 6,
          "column": 17
        },
        "end": {
          "line": 11,
          "column": 6
        }
      },
      "5": {
        "start": {
          "line": 13,
          "column": 4
        },
        "end": {
          "line": 22,
          "column": 7
        }
      },
      "6": {
        "start": {
          "line": 14,
          "column": 8
        },
        "end": {
          "line": 21,
          "column": 26
        }
      },
      "7": {
        "start": {
          "line": 24,
          "column": 4
        },
        "end": {
          "line": 36,
          "column": 7
        }
      },
      "8": {
        "start": {
          "line": 25,
          "column": 8
        },
        "end": {
          "line": 32,
          "column": 26
        }
      },
      "9": {
        "start": {
          "line": 33,
          "column": 8
        },
        "end": {
          "line": 35,
          "column": 48
        }
      }
    },
    "fnMap": {
      "0": {
        "name": "(anonymous_0)",
        "decl": {
          "start": {
            "line": 5,
            "column": 63
          },
          "end": {
            "line": 5,
            "column": 66
          }
        },
        "loc": {
          "start": {
            "line": 5,
            "column": 68
          },
          "end": {
            "line": 37,
            "column": 1
          }
        }
      },
      "1": {
        "name": "(anonymous_1)",
        "decl": {
          "start": {
            "line": 13,
            "column": 34
          },
          "end": {
            "line": 13,
            "column": 37
          }
        },
        "loc": {
          "start": {
            "line": 13,
            "column": 39
          },
          "end": {
            "line": 22,
            "column": 5
          }
        }
      },
      "2": {
        "name": "(anonymous_2)",
        "decl": {
          "start": {
            "line": 24,
            "column": 49
          },
          "end": {
            "line": 24,
            "column": 52
          }
        },
        "loc": {
          "start": {
            "line": 24,
            "column": 54
          },
          "end": {
            "line": 36,
            "column": 5
          }
        }
      }
    },
    "branchMap": {},
    "s": {
      "0": 1,
      "1": 1,
      "2": 1,
      "3": 1,
      "4": 1,
      "5": 1,
      "6": 1,
      "7": 1,
      "8": 1,
      "9": 1
    },
    "f": {
      "0": 1,
      "1": 1,
      "2": 1
    },
    "b": {}
  },
  "C:/Projects/Mira/src/services/cooldowner.ts": {
    "path": "C:/Projects/Mira/src/services/cooldowner.ts",
    "statementMap": {
      "0": {
        "start": {
          "line": 1,
          "column": 0
        },
        "end": {
          "line": 1,
          "column": 51
        }
      },
      "1": {
        "start": {
          "line": 2,
          "column": 0
        },
        "end": {
          "line": 2,
          "column": 33
        }
      },
      "2": {
        "start": {
          "line": 4,
          "column": 22
        },
        "end": {
          "line": 4,
          "column": 57
        }
      },
      "3": {
        "start": {
          "line": 6,
          "column": 15
        },
        "end": {
          "line": 7,
          "column": 41
        }
      },
      "4": {
        "start": {
          "line": 7,
          "column": 4
        },
        "end": {
          "line": 7,
          "column": 41
        }
      },
      "5": {
        "start": {
          "line": 9,
          "column": 13
        },
        "end": {
          "line": 30,
          "column": 2
        }
      },
      "6": {
        "start": {
          "line": 12,
          "column": 25
        },
        "end": {
          "line": 13,
          "column": null
        }
      },
      "7": {
        "start": {
          "line": 15,
          "column": 8
        },
        "end": {
          "line": 17,
          "column": 16
        }
      },
      "8": {
        "start": {
          "line": 25,
          "column": 8
        },
        "end": {
          "line": 28,
          "column": 10
        }
      }
    },
    "fnMap": {
      "0": {
        "name": "(anonymous_0)",
        "decl": {
          "start": {
            "line": 6,
            "column": 15
          },
          "end": {
            "line": 6,
            "column": 16
          }
        },
        "loc": {
          "start": {
            "line": 7,
            "column": 4
          },
          "end": {
            "line": 7,
            "column": 41
          }
        }
      },
      "1": {
        "name": "(anonymous_1)",
        "decl": {
          "start": {
            "line": 11,
            "column": 9
          },
          "end": {
            "line": 11,
            "column": 10
          }
        },
        "loc": {
          "start": {
            "line": 11,
            "column": 74
          },
          "end": {
            "line": 18,
            "column": 5
          }
        }
      },
      "2": {
        "name": "(anonymous_2)",
        "decl": {
          "start": {
            "line": 19,
            "column": 9
          },
          "end": {
            "line": 19,
            "column": null
          }
        },
        "loc": {
          "start": {
            "line": 24,
            "column": 14
          },
          "end": {
            "line": 29,
            "column": 5
          }
        }
      }
    },
    "branchMap": {
      "0": {
        "loc": {
          "start": {
            "line": 15,
            "column": 15
          },
          "end": {
            "line": 17,
            "column": 15
          }
        },
        "type": "cond-expr",
        "locations": [
          {
            "start": {
              "line": 16,
              "column": 14
            },
            "end": {
              "line": 16,
              "column": 44
            }
          },
          {
            "start": {
              "line": 17,
              "column": 14
            },
            "end": {
              "line": 17,
              "column": 15
            }
          }
        ]
      },
      "1": {
        "loc": {
          "start": {
            "line": 15,
            "column": 15
          },
          "end": {
            "line": 15,
            "column": 62
          }
        },
        "type": "binary-expr",
        "locations": [
          {
            "start": {
              "line": 15,
              "column": 15
            },
            "end": {
              "line": 15,
              "column": 37
            }
          },
          {
            "start": {
              "line": 15,
              "column": 41
            },
            "end": {
              "line": 15,
              "column": 62
            }
          }
        ]
      },
      "2": {
        "loc": {
          "start": {
            "line": 23,
            "column": 8
          },
          "end": {
            "line": 23,
            "column": 66
          }
        },
        "type": "default-arg",
        "locations": [
          {
            "start": {
              "line": 23,
              "column": 26
            },
            "end": {
              "line": 23,
              "column": 66
            }
          }
        ]
      }
    },
    "s": {
      "0": 1,
      "1": 1,
      "2": 1,
      "3": 1,
      "4": 3,
      "5": 1,
      "6": 1,
      "7": 1,
      "8": 2
    },
    "f": {
      "0": 3,
      "1": 1,
      "2": 2
    },
    "b": {
      "0": [
        1,
        0
      ],
      "1": [
        1,
        1
      ],
      "2": [
        0
      ]
    }
  },
  "C:/Projects/Mira/src/config.ts": {
    "path": "C:/Projects/Mira/src/config.ts",
    "statementMap": {
      "0": {
        "start": {
          "line": 3,
          "column": 0
        },
        "end": {
          "line": 3,
          "column": 42
        }
      },
      "1": {
        "start": {
          "line": 6,
          "column": 11
        },
        "end": {
          "line": 6,
          "column": 42
        }
      },
      "2": {
        "start": {
          "line": 8,
          "column": 21
        },
        "end": {
          "line": 8,
          "column": 42
        }
      },
      "3": {
        "start": {
          "line": 10,
          "column": 13
        },
        "end": {
          "line": 153,
          "column": 2
        }
      }
    },
    "fnMap": {},
    "branchMap": {
      "0": {
        "loc": {
          "start": {
            "line": 8,
            "column": 21
          },
          "end": {
            "line": 8,
            "column": 42
          }
        },
        "type": "binary-expr",
        "locations": [
          {
            "start": {
              "line": 8,
              "column": 21
            },
            "end": {
              "line": 8,
              "column": 36
            }
          },
          {
            "start": {
              "line": 8,
              "column": 40
            },
            "end": {
              "line": 8,
              "column": 42
            }
          }
        ]
      }
    },
    "s": {
      "0": 1,
      "1": 1,
      "2": 1,
      "3": 1
    },
    "f": {},
    "b": {
      "0": [
        1,
        0
      ]
    }
  },
  "C:/Projects/Mira/src/utils/helpers.ts": {
    "path": "C:/Projects/Mira/src/utils/helpers.ts",
    "statementMap": {
      "0": {
        "start": {
          "line": 1,
          "column": 0
        },
        "end": {
          "line": 1,
          "column": 32
        }
      },
      "1": {
        "start": {
          "line": 2,
          "column": 0
        },
        "end": {
          "line": 2,
          "column": 43
        }
      },
      "2": {
        "start": {
          "line": 3,
          "column": 0
        },
        "end": {
          "line": 3,
          "column": 28
        }
      },
      "3": {
        "start": {
          "line": 6,
          "column": 13
        },
        "end": {
          "line": 6,
          "column": 35
        }
      },
      "4": {
        "start": {
          "line": 9,
          "column": 27
        },
        "end": {
          "line": 24,
          "column": 1
        }
      },
      "5": {
        "start": {
          "line": 13,
          "column": 18
        },
        "end": {
          "line": 13,
          "column": 38
        }
      },
      "6": {
        "start": {
          "line": 15,
          "column": 4
        },
        "end": {
          "line": 21,
          "column": 7
        }
      },
      "7": {
        "start": {
          "line": 16,
          "column": 8
        },
        "end": {
          "line": 20,
          "column": null
        }
      },
      "8": {
        "start": {
          "line": 17,
          "column": 12
        },
        "end": {
          "line": 17,
          "column": 75
        }
      },
      "9": {
        "start": {
          "line": 19,
          "column": 12
        },
        "end": {
          "line": 19,
          "column": 67
        }
      },
      "10": {
        "start": {
          "line": 23,
          "column": 4
        },
        "end": {
          "line": 23,
          "column": 24
        }
      },
      "11": {
        "start": {
          "line": 9,
          "column": 13
        },
        "end": {
          "line": 9,
          "column": 27
        }
      },
      "12": {
        "start": {
          "line": 29,
          "column": 35
        },
        "end": {
          "line": 51,
          "column": 1
        }
      },
      "13": {
        "start": {
          "line": 30,
          "column": 4
        },
        "end": {
          "line": 32,
          "column": null
        }
      },
      "14": {
        "start": {
          "line": 31,
          "column": 8
        },
        "end": {
          "line": 31,
          "column": 69
        }
      },
      "15": {
        "start": {
          "line": 34,
          "column": 4
        },
        "end": {
          "line": 41,
          "column": null
        }
      },
      "16": {
        "start": {
          "line": 35,
          "column": 22
        },
        "end": {
          "line": 35,
          "column": 48
        }
      },
      "17": {
        "start": {
          "line": 36,
          "column": 24
        },
        "end": {
          "line": 36,
          "column": 65
        }
      },
      "18": {
        "start": {
          "line": 37,
          "column": 8
        },
        "end": {
          "line": 39,
          "column": null
        }
      },
      "19": {
        "start": {
          "line": 38,
          "column": 12
        },
        "end": {
          "line": 38,
          "column": 47
        }
      },
      "20": {
        "start": {
          "line": 40,
          "column": 8
        },
        "end": {
          "line": 40,
          "column": 28
        }
      },
      "21": {
        "start": {
          "line": 42,
          "column": 4
        },
        "end": {
          "line": 49,
          "column": null
        }
      },
      "22": {
        "start": {
          "line": 43,
          "column": 24
        },
        "end": {
          "line": 43,
          "column": 48
        }
      },
      "23": {
        "start": {
          "line": 44,
          "column": 28
        },
        "end": {
          "line": 44,
          "column": 62
        }
      },
      "24": {
        "start": {
          "line": 45,
          "column": 8
        },
        "end": {
          "line": 47,
          "column": null
        }
      },
      "25": {
        "start": {
          "line": 46,
          "column": 12
        },
        "end": {
          "line": 46,
          "column": 55
        }
      },
      "26": {
        "start": {
          "line": 48,
          "column": 8
        },
        "end": {
          "line": 48,
          "column": 32
        }
      },
      "27": {
        "start": {
          "line": 50,
          "column": 4
        },
        "end": {
          "line": 50,
          "column": 28
        }
      },
      "28": {
        "start": {
          "line": 29,
          "column": 13
        },
        "end": {
          "line": 29,
          "column": 35
        }
      },
      "29": {
        "start": {
          "line": 53,
          "column": 32
        },
        "end": {
          "line": 66,
          "column": 1
        }
      },
      "30": {
        "start": {
          "line": 54,
          "column": 4
        },
        "end": {
          "line": 56,
          "column": null
        }
      },
      "31": {
        "start": {
          "line": 55,
          "column": 8
        },
        "end": {
          "line": 55,
          "column": 74
        }
      },
      "32": {
        "start": {
          "line": 58,
          "column": 23
        },
        "end": {
          "line": 58,
          "column": 32
        }
      },
      "33": {
        "start": {
          "line": 59,
          "column": 17
        },
        "end": {
          "line": 59,
          "column": 49
        }
      },
      "34": {
        "start": {
          "line": 60,
          "column": 4
        },
        "end": {
          "line": 60,
          "column": 26
        }
      },
      "35": {
        "start": {
          "line": 61,
          "column": 18
        },
        "end": {
          "line": 61,
          "column": 49
        }
      },
      "36": {
        "start": {
          "line": 62,
          "column": 4
        },
        "end": {
          "line": 62,
          "column": 25
        }
      },
      "37": {
        "start": {
          "line": 63,
          "column": 20
        },
        "end": {
          "line": 63,
          "column": 49
        }
      },
      "38": {
        "start": {
          "line": 64,
          "column": 20
        },
        "end": {
          "line": 64,
          "column": 49
        }
      },
      "39": {
        "start": {
          "line": 65,
          "column": 4
        },
        "end": {
          "line": 65,
          "column": 60
        }
      },
      "40": {
        "start": {
          "line": 53,
          "column": 13
        },
        "end": {
          "line": 53,
          "column": 32
        }
      },
      "41": {
        "start": {
          "line": 87,
          "column": 10
        },
        "end": {
          "line": 87,
          "column": 12
        }
      },
      "42": {
        "start": {
          "line": 89,
          "column": 4
        },
        "end": {
          "line": 98,
          "column": null
        }
      },
      "43": {
        "start": {
          "line": 90,
          "column": 27
        },
        "end": {
          "line": 91,
          "column": null
        }
      },
      "44": {
        "start": {
          "line": 91,
          "column": 51
        },
        "end": {
          "line": 91,
          "column": 76
        }
      },
      "45": {
        "start": {
          "line": 93,
          "column": 8
        },
        "end": {
          "line": 97,
          "column": null
        }
      },
      "46": {
        "start": {
          "line": 94,
          "column": 12
        },
        "end": {
          "line": 94,
          "column": 65
        }
      },
      "47": {
        "start": {
          "line": 96,
          "column": 12
        },
        "end": {
          "line": 96,
          "column": 52
        }
      },
      "48": {
        "start": {
          "line": 100,
          "column": 4
        },
        "end": {
          "line": 100,
          "column": 18
        }
      },
      "49": {
        "start": {
          "line": 73,
          "column": 0
        },
        "end": {
          "line": 73,
          "column": 16
        }
      },
      "50": {
        "start": {
          "line": 103,
          "column": 23
        },
        "end": {
          "line": 104,
          "column": 78
        }
      },
      "51": {
        "start": {
          "line": 104,
          "column": 4
        },
        "end": {
          "line": 104,
          "column": 78
        }
      },
      "52": {
        "start": {
          "line": 104,
          "column": 58
        },
        "end": {
          "line": 104,
          "column": 77
        }
      },
      "53": {
        "start": {
          "line": 103,
          "column": 13
        },
        "end": {
          "line": 103,
          "column": 23
        }
      },
      "54": {
        "start": {
          "line": 106,
          "column": 34
        },
        "end": {
          "line": 112,
          "column": 1
        }
      },
      "55": {
        "start": {
          "line": 107,
          "column": 17
        },
        "end": {
          "line": 107,
          "column": 36
        }
      },
      "56": {
        "start": {
          "line": 108,
          "column": 4
        },
        "end": {
          "line": 111,
          "column": 24
        }
      },
      "57": {
        "start": {
          "line": 106,
          "column": 13
        },
        "end": {
          "line": 106,
          "column": 34
        }
      }
    },
    "fnMap": {
      "0": {
        "name": "(anonymous_0)",
        "decl": {
          "start": {
            "line": 9,
            "column": 27
          },
          "end": {
            "line": 9,
            "column": null
          }
        },
        "loc": {
          "start": {
            "line": 11,
            "column": 31
          },
          "end": {
            "line": 24,
            "column": 1
          }
        }
      },
      "1": {
        "name": "(anonymous_1)",
        "decl": {
          "start": {
            "line": 15,
            "column": 18
          },
          "end": {
            "line": 15,
            "column": 28
          }
        },
        "loc": {
          "start": {
            "line": 15,
            "column": 32
          },
          "end": {
            "line": 21,
            "column": 5
          }
        }
      },
      "2": {
        "name": "(anonymous_2)",
        "decl": {
          "start": {
            "line": 29,
            "column": 35
          },
          "end": {
            "line": 29,
            "column": 36
          }
        },
        "loc": {
          "start": {
            "line": 29,
            "column": 63
          },
          "end": {
            "line": 51,
            "column": 1
          }
        }
      },
      "3": {
        "name": "(anonymous_3)",
        "decl": {
          "start": {
            "line": 53,
            "column": 32
          },
          "end": {
            "line": 53,
            "column": 33
          }
        },
        "loc": {
          "start": {
            "line": 53,
            "column": 55
          },
          "end": {
            "line": 66,
            "column": 1
          }
        }
      },
      "4": {
        "name": "groupObjectsByKey",
        "decl": {
          "start": {
            "line": 73,
            "column": 16
          },
          "end": {
            "line": 73,
            "column": 33
          }
        },
        "loc": {
          "start": {
            "line": 79,
            "column": 9
          },
          "end": {
            "line": 101,
            "column": 1
          }
        }
      },
      "5": {
        "name": "(anonymous_5)",
        "decl": {
          "start": {
            "line": 91,
            "column": 12
          },
          "end": {
            "line": 91,
            "column": 13
          }
        },
        "loc": {
          "start": {
            "line": 91,
            "column": 51
          },
          "end": {
            "line": 91,
            "column": 76
          }
        }
      },
      "6": {
        "name": "(anonymous_6)",
        "decl": {
          "start": {
            "line": 103,
            "column": 23
          },
          "end": {
            "line": 103,
            "column": 24
          }
        },
        "loc": {
          "start": {
            "line": 104,
            "column": 4
          },
          "end": {
            "line": 104,
            "column": 78
          }
        }
      },
      "7": {
        "name": "(anonymous_7)",
        "decl": {
          "start": {
            "line": 104,
            "column": 47
          },
          "end": {
            "line": 104,
            "column": 48
          }
        },
        "loc": {
          "start": {
            "line": 104,
            "column": 58
          },
          "end": {
            "line": 104,
            "column": 77
          }
        }
      },
      "8": {
        "name": "(anonymous_8)",
        "decl": {
          "start": {
            "line": 106,
            "column": 34
          },
          "end": {
            "line": 106,
            "column": 35
          }
        },
        "loc": {
          "start": {
            "line": 106,
            "column": 74
          },
          "end": {
            "line": 112,
            "column": 1
          }
        }
      }
    },
    "branchMap": {
      "0": {
        "loc": {
          "start": {
            "line": 11,
            "column": 4
          },
          "end": {
            "line": 11,
            "column": 31
          }
        },
        "type": "default-arg",
        "locations": [
          {
            "start": {
              "line": 11,
              "column": 29
            },
            "end": {
              "line": 11,
              "column": 31
            }
          }
        ]
      },
      "1": {
        "loc": {
          "start": {
            "line": 16,
            "column": 8
          },
          "end": {
            "line": 20,
            "column": null
          }
        },
        "type": "if",
        "locations": [
          {
            "start": {
              "line": 16,
              "column": 8
            },
            "end": {
              "line": 20,
              "column": null
            }
          },
          {
            "start": {
              "line": 16,
              "column": 8
            },
            "end": {
              "line": 20,
              "column": null
            }
          }
        ]
      },
      "2": {
        "loc": {
          "start": {
            "line": 30,
            "column": 4
          },
          "end": {
            "line": 32,
            "column": null
          }
        },
        "type": "if",
        "locations": [
          {
            "start": {
              "line": 30,
              "column": 4
            },
            "end": {
              "line": 32,
              "column": null
            }
          },
          {
            "start": {
              "line": 30,
              "column": 4
            },
            "end": {
              "line": 32,
              "column": null
            }
          }
        ]
      },
      "3": {
        "loc": {
          "start": {
            "line": 34,
            "column": 4
          },
          "end": {
            "line": 41,
            "column": null
          }
        },
        "type": "if",
        "locations": [
          {
            "start": {
              "line": 34,
              "column": 4
            },
            "end": {
              "line": 41,
              "column": null
            }
          },
          {
            "start": {
              "line": 34,
              "column": 4
            },
            "end": {
              "line": 41,
              "column": null
            }
          }
        ]
      },
      "4": {
        "loc": {
          "start": {
            "line": 37,
            "column": 8
          },
          "end": {
            "line": 39,
            "column": null
          }
        },
        "type": "if",
        "locations": [
          {
            "start": {
              "line": 37,
              "column": 8
            },
            "end": {
              "line": 39,
              "column": null
            }
          },
          {
            "start": {
              "line": 37,
              "column": 8
            },
            "end": {
              "line": 39,
              "column": null
            }
          }
        ]
      },
      "5": {
        "loc": {
          "start": {
            "line": 42,
            "column": 4
          },
          "end": {
            "line": 49,
            "column": null
          }
        },
        "type": "if",
        "locations": [
          {
            "start": {
              "line": 42,
              "column": 4
            },
            "end": {
              "line": 49,
              "column": null
            }
          },
          {
            "start": {
              "line": 42,
              "column": 4
            },
            "end": {
              "line": 49,
              "column": null
            }
          }
        ]
      },
      "6": {
        "loc": {
          "start": {
            "line": 45,
            "column": 8
          },
          "end": {
            "line": 47,
            "column": null
          }
        },
        "type": "if",
        "locations": [
          {
            "start": {
              "line": 45,
              "column": 8
            },
            "end": {
              "line": 47,
              "column": null
            }
          },
          {
            "start": {
              "line": 45,
              "column": 8
            },
            "end": {
              "line": 47,
              "column": null
            }
          }
        ]
      },
      "7": {
        "loc": {
          "start": {
            "line": 54,
            "column": 4
          },
          "end": {
            "line": 56,
            "column": null
          }
        },
        "type": "if",
        "locations": [
          {
            "start": {
              "line": 54,
              "column": 4
            },
            "end": {
              "line": 56,
              "column": null
            }
          },
          {
            "start": {
              "line": 54,
              "column": 4
            },
            "end": {
              "line": 56,
              "column": null
            }
          }
        ]
      },
      "8": {
        "loc": {
          "start": {
            "line": 93,
            "column": 8
          },
          "end": {
            "line": 97,
            "column": null
          }
        },
        "type": "if",
        "locations": [
          {
            "start": {
              "line": 93,
              "column": 8
            },
            "end": {
              "line": 97,
              "column": null
            }
          },
          {
            "start": {
              "line": 93,
              "column": 8
            },
            "end": {
              "line": 97,
              "column": null
            }
          }
        ]
      },
      "9": {
        "loc": {
          "start": {
            "line": 106,
            "column": 50
          },
          "end": {
            "line": 106,
            "column": 62
          }
        },
        "type": "default-arg",
        "locations": [
          {
            "start": {
              "line": 106,
              "column": 61
            },
            "end": {
              "line": 106,
              "column": 62
            }
          }
        ]
      },
      "10": {
        "loc": {
          "start": {
            "line": 107,
            "column": 17
          },
          "end": {
            "line": 107,
            "column": 36
          }
        },
        "type": "cond-expr",
        "locations": [
          {
            "start": {
              "line": 107,
              "column": 30
            },
            "end": {
              "line": 107,
              "column": 31
            }
          },
          {
            "start": {
              "line": 107,
              "column": 34
            },
            "end": {
              "line": 107,
              "column": 36
            }
          }
        ]
      }
    },
    "s": {
      "0": 1,
      "1": 1,
      "2": 1,
      "3": 1,
      "4": 1,
      "5": 0,
      "6": 0,
      "7": 0,
      "8": 0,
      "9": 0,
      "10": 0,
      "11": 1,
      "12": 1,
      "13": 7,
      "14": 1,
      "15": 6,
      "16": 3,
      "17": 3,
      "18": 3,
      "19": 2,
      "20": 1,
      "21": 3,
      "22": 2,
      "23": 2,
      "24": 2,
      "25": 1,
      "26": 1,
      "27": 1,
      "28": 1,
      "29": 1,
      "30": 20,
      "31": 1,
      "32": 19,
      "33": 19,
      "34": 19,
      "35": 19,
      "36": 19,
      "37": 19,
      "38": 19,
      "39": 19,
      "40": 1,
      "41": 1,
      "42": 1,
      "43": 4,
      "44": 4,
      "45": 4,
      "46": 3,
      "47": 1,
      "48": 1,
      "49": 1,
      "50": 1,
      "51": 3,
      "52": 5,
      "53": 1,
      "54": 1,
      "55": 3,
      "56": 3,
      "57": 1
    },
    "f": {
      "0": 0,
      "1": 0,
      "2": 7,
      "3": 20,
      "4": 1,
      "5": 4,
      "6": 3,
      "7": 5,
      "8": 3
    },
    "b": {
      "0": [
        0
      ],
      "1": [
        0,
        0
      ],
      "2": [
        1,
        6
      ],
      "3": [
        3,
        3
      ],
      "4": [
        2,
        1
      ],
      "5": [
        2,
        1
      ],
      "6": [
        1,
        1
      ],
      "7": [
        1,
        19
      ],
      "8": [
        3,
        1
      ],
      "9": [
        0
      ],
      "10": [
        2,
        1
      ]
    }
  },
  "C:/Projects/Mira/src/tests/helpers.spec.ts": {
    "path": "C:/Projects/Mira/src/tests/helpers.spec.ts",
    "statementMap": {
      "0": {
        "start": {
          "line": 1,
          "column": 0
        },
        "end": {
          "line": 1,
          "column": 30
        }
      },
      "1": {
        "start": {
          "line": 2,
          "column": 0
        },
        "end": {
          "line": 2,
          "column": null
        }
      },
      "2": {
        "start": {
          "line": 10,
          "column": 0
        },
        "end": {
          "line": 101,
          "column": 3
        }
      },
      "3": {
        "start": {
          "line": 11,
          "column": 4
        },
        "end": {
          "line": 48,
          "column": 7
        }
      },
      "4": {
        "start": {
          "line": 12,
          "column": 23
        },
        "end": {
          "line": 12,
          "column": 27
        }
      },
      "5": {
        "start": {
          "line": 13,
          "column": 23
        },
        "end": {
          "line": 13,
          "column": 32
        }
      },
      "6": {
        "start": {
          "line": 14,
          "column": 21
        },
        "end": {
          "line": 14,
          "column": 35
        }
      },
      "7": {
        "start": {
          "line": 15,
          "column": 20
        },
        "end": {
          "line": 15,
          "column": 39
        }
      },
      "8": {
        "start": {
          "line": 17,
          "column": 8
        },
        "end": {
          "line": 17,
          "column": 61
        }
      },
      "9": {
        "start": {
          "line": 18,
          "column": 8
        },
        "end": {
          "line": 18,
          "column": 66
        }
      },
      "10": {
        "start": {
          "line": 19,
          "column": 8
        },
        "end": {
          "line": 19,
          "column": 66
        }
      },
      "11": {
        "start": {
          "line": 20,
          "column": 8
        },
        "end": {
          "line": 20,
          "column": 75
        }
      },
      "12": {
        "start": {
          "line": 22,
          "column": 8
        },
        "end": {
          "line": 22,
          "column": 64
        }
      },
      "13": {
        "start": {
          "line": 23,
          "column": 8
        },
        "end": {
          "line": 23,
          "column": 73
        }
      },
      "14": {
        "start": {
          "line": 24,
          "column": 8
        },
        "end": {
          "line": 24,
          "column": 73
        }
      },
      "15": {
        "start": {
          "line": 25,
          "column": 8
        },
        "end": {
          "line": 27,
          "column": 10
        }
      },
      "16": {
        "start": {
          "line": 29,
          "column": 8
        },
        "end": {
          "line": 29,
          "column": 63
        }
      },
      "17": {
        "start": {
          "line": 30,
          "column": 8
        },
        "end": {
          "line": 30,
          "column": 72
        }
      },
      "18": {
        "start": {
          "line": 31,
          "column": 8
        },
        "end": {
          "line": 31,
          "column": 72
        }
      },
      "19": {
        "start": {
          "line": 32,
          "column": 8
        },
        "end": {
          "line": 34,
          "column": 10
        }
      },
      "20": {
        "start": {
          "line": 36,
          "column": 8
        },
        "end": {
          "line": 36,
          "column": 70
        }
      },
      "21": {
        "start": {
          "line": 37,
          "column": 8
        },
        "end": {
          "line": 37,
          "column": 79
        }
      },
      "22": {
        "start": {
          "line": 38,
          "column": 8
        },
        "end": {
          "line": 38,
          "column": 79
        }
      },
      "23": {
        "start": {
          "line": 39,
          "column": 8
        },
        "end": {
          "line": 41,
          "column": 10
        }
      },
      "24": {
        "start": {
          "line": 43,
          "column": 8
        },
        "end": {
          "line": 43,
          "column": 54
        }
      },
      "25": {
        "start": {
          "line": 43,
          "column": 21
        },
        "end": {
          "line": 43,
          "column": 41
        }
      },
      "26": {
        "start": {
          "line": 45,
          "column": 8
        },
        "end": {
          "line": 45,
          "column": 63
        }
      },
      "27": {
        "start": {
          "line": 46,
          "column": 8
        },
        "end": {
          "line": 46,
          "column": 65
        }
      },
      "28": {
        "start": {
          "line": 47,
          "column": 8
        },
        "end": {
          "line": 47,
          "column": 65
        }
      },
      "29": {
        "start": {
          "line": 50,
          "column": 4
        },
        "end": {
          "line": 63,
          "column": 7
        }
      },
      "30": {
        "start": {
          "line": 51,
          "column": 23
        },
        "end": {
          "line": 51,
          "column": 25
        }
      },
      "31": {
        "start": {
          "line": 52,
          "column": 21
        },
        "end": {
          "line": 52,
          "column": 28
        }
      },
      "32": {
        "start": {
          "line": 54,
          "column": 8
        },
        "end": {
          "line": 54,
          "column": 54
        }
      },
      "33": {
        "start": {
          "line": 56,
          "column": 8
        },
        "end": {
          "line": 56,
          "column": 59
        }
      },
      "34": {
        "start": {
          "line": 57,
          "column": 8
        },
        "end": {
          "line": 57,
          "column": 70
        }
      },
      "35": {
        "start": {
          "line": 58,
          "column": 8
        },
        "end": {
          "line": 58,
          "column": 69
        }
      },
      "36": {
        "start": {
          "line": 59,
          "column": 8
        },
        "end": {
          "line": 59,
          "column": 70
        }
      },
      "37": {
        "start": {
          "line": 60,
          "column": 8
        },
        "end": {
          "line": 60,
          "column": 55
        }
      },
      "38": {
        "start": {
          "line": 62,
          "column": 8
        },
        "end": {
          "line": 62,
          "column": 57
        }
      },
      "39": {
        "start": {
          "line": 62,
          "column": 21
        },
        "end": {
          "line": 62,
          "column": 44
        }
      },
      "40": {
        "start": {
          "line": 65,
          "column": 4
        },
        "end": {
          "line": 69,
          "column": 7
        }
      },
      "41": {
        "start": {
          "line": 66,
          "column": 8
        },
        "end": {
          "line": 66,
          "column": 59
        }
      },
      "42": {
        "start": {
          "line": 67,
          "column": 8
        },
        "end": {
          "line": 67,
          "column": 55
        }
      },
      "43": {
        "start": {
          "line": 68,
          "column": 8
        },
        "end": {
          "line": 68,
          "column": 59
        }
      },
      "44": {
        "start": {
          "line": 71,
          "column": 4
        },
        "end": {
          "line": 75,
          "column": 7
        }
      },
      "45": {
        "start": {
          "line": 72,
          "column": 8
        },
        "end": {
          "line": 72,
          "column": 48
        }
      },
      "46": {
        "start": {
          "line": 73,
          "column": 8
        },
        "end": {
          "line": 73,
          "column": 56
        }
      },
      "47": {
        "start": {
          "line": 74,
          "column": 8
        },
        "end": {
          "line": 74,
          "column": 58
        }
      },
      "48": {
        "start": {
          "line": 77,
          "column": 4
        },
        "end": {
          "line": 100,
          "column": 7
        }
      },
      "49": {
        "start": {
          "line": 78,
          "column": 29
        },
        "end": {
          "line": 83,
          "column": 10
        }
      },
      "50": {
        "start": {
          "line": 84,
          "column": 22
        },
        "end": {
          "line": 84,
          "column": 30
        }
      },
      "51": {
        "start": {
          "line": 85,
          "column": 23
        },
        "end": {
          "line": 98,
          "column": 10
        }
      },
      "52": {
        "start": {
          "line": 99,
          "column": 8
        },
        "end": {
          "line": 99,
          "column": 77
        }
      }
    },
    "fnMap": {
      "0": {
        "name": "(anonymous_0)",
        "decl": {
          "start": {
            "line": 10,
            "column": 63
          },
          "end": {
            "line": 10,
            "column": 66
          }
        },
        "loc": {
          "start": {
            "line": 10,
            "column": 68
          },
          "end": {
            "line": 101,
            "column": 1
          }
        }
      },
      "1": {
        "name": "(anonymous_1)",
        "decl": {
          "start": {
            "line": 11,
            "column": 56
          },
          "end": {
            "line": 11,
            "column": 59
          }
        },
        "loc": {
          "start": {
            "line": 11,
            "column": 61
          },
          "end": {
            "line": 48,
            "column": 5
          }
        }
      },
      "2": {
        "name": "(anonymous_2)",
        "decl": {
          "start": {
            "line": 43,
            "column": 15
          },
          "end": {
            "line": 43,
            "column": 18
          }
        },
        "loc": {
          "start": {
            "line": 43,
            "column": 21
          },
          "end": {
            "line": 43,
            "column": 41
          }
        }
      },
      "3": {
        "name": "(anonymous_3)",
        "decl": {
          "start": {
            "line": 50,
            "column": 74
          },
          "end": {
            "line": 50,
            "column": 77
          }
        },
        "loc": {
          "start": {
            "line": 50,
            "column": 79
          },
          "end": {
            "line": 63,
            "column": 5
          }
        }
      },
      "4": {
        "name": "(anonymous_4)",
        "decl": {
          "start": {
            "line": 62,
            "column": 15
          },
          "end": {
            "line": 62,
            "column": 18
          }
        },
        "loc": {
          "start": {
            "line": 62,
            "column": 21
          },
          "end": {
            "line": 62,
            "column": 44
          }
        }
      },
      "5": {
        "name": "(anonymous_5)",
        "decl": {
          "start": {
            "line": 65,
            "column": 42
          },
          "end": {
            "line": 65,
            "column": 45
          }
        },
        "loc": {
          "start": {
            "line": 65,
            "column": 47
          },
          "end": {
            "line": 69,
            "column": 5
          }
        }
      },
      "6": {
        "name": "(anonymous_6)",
        "decl": {
          "start": {
            "line": 71,
            "column": 69
          },
          "end": {
            "line": 71,
            "column": 72
          }
        },
        "loc": {
          "start": {
            "line": 71,
            "column": 74
          },
          "end": {
            "line": 75,
            "column": 5
          }
        }
      },
      "7": {
        "name": "(anonymous_7)",
        "decl": {
          "start": {
            "line": 77,
            "column": 48
          },
          "end": {
            "line": 77,
            "column": 51
          }
        },
        "loc": {
          "start": {
            "line": 77,
            "column": 53
          },
          "end": {
            "line": 100,
            "column": 5
          }
        }
      }
    },
    "branchMap": {},
    "s": {
      "0": 1,
      "1": 1,
      "2": 1,
      "3": 1,
      "4": 1,
      "5": 1,
      "6": 1,
      "7": 1,
      "8": 1,
      "9": 1,
      "10": 1,
      "11": 1,
      "12": 1,
      "13": 1,
      "14": 1,
      "15": 1,
      "16": 1,
      "17": 1,
      "18": 1,
      "19": 1,
      "20": 1,
      "21": 1,
      "22": 1,
      "23": 1,
      "24": 1,
      "25": 1,
      "26": 1,
      "27": 1,
      "28": 1,
      "29": 1,
      "30": 1,
      "31": 1,
      "32": 1,
      "33": 1,
      "34": 1,
      "35": 1,
      "36": 1,
      "37": 1,
      "38": 1,
      "39": 1,
      "40": 1,
      "41": 1,
      "42": 1,
      "43": 1,
      "44": 1,
      "45": 1,
      "46": 1,
      "47": 1,
      "48": 1,
      "49": 1,
      "50": 1,
      "51": 1,
      "52": 1
    },
    "f": {
      "0": 1,
      "1": 1,
      "2": 1,
      "3": 1,
      "4": 1,
      "5": 1,
      "6": 1,
      "7": 1
    },
    "b": {}
  },
  "C:/Projects/Mira/src/utils/index.ts": {
    "path": "C:/Projects/Mira/src/utils/index.ts",
    "statementMap": {
      "0": {
        "start": {
          "line": 1,
          "column": 0
        },
        "end": {
          "line": 1,
          "column": 9
        }
      },
      "1": {
        "start": {
          "line": 1,
          "column": 9
        },
        "end": {
          "line": 1,
          "column": 52
        }
      },
      "2": {
        "start": {
          "line": 2,
          "column": 0
        },
        "end": {
          "line": 2,
          "column": null
        }
      },
      "3": {
        "start": {
          "line": 3,
          "column": 4
        },
        "end": {
          "line": 3,
          "column": null
        }
      },
      "4": {
        "start": {
          "line": 4,
          "column": 4
        },
        "end": {
          "line": 4,
          "column": null
        }
      },
      "5": {
        "start": {
          "line": 5,
          "column": 4
        },
        "end": {
          "line": 5,
          "column": null
        }
      },
      "6": {
        "start": {
          "line": 6,
          "column": 4
        },
        "end": {
          "line": 6,
          "column": null
        }
      },
      "7": {
        "start": {
          "line": 7,
          "column": 4
        },
        "end": {
          "line": 7,
          "column": null
        }
      },
      "8": {
        "start": {
          "line": 8,
          "column": 4
        },
        "end": {
          "line": 8,
          "column": null
        }
      },
      "9": {
        "start": {
          "line": 9,
          "column": 4
        },
        "end": {
          "line": 9,
          "column": null
        }
      },
      "10": {
        "start": {
          "line": 11,
          "column": 0
        },
        "end": {
          "line": 11,
          "column": null
        }
      },
      "11": {
        "start": {
          "line": 12,
          "column": 4
        },
        "end": {
          "line": 12,
          "column": null
        }
      },
      "12": {
        "start": {
          "line": 13,
          "column": 4
        },
        "end": {
          "line": 13,
          "column": null
        }
      },
      "13": {
        "start": {
          "line": 14,
          "column": 4
        },
        "end": {
          "line": 14,
          "column": null
        }
      },
      "14": {
        "start": {
          "line": 15,
          "column": 4
        },
        "end": {
          "line": 15,
          "column": null
        }
      },
      "15": {
        "start": {
          "line": 16,
          "column": 4
        },
        "end": {
          "line": 16,
          "column": null
        }
      },
      "16": {
        "start": {
          "line": 17,
          "column": 4
        },
        "end": {
          "line": 17,
          "column": null
        }
      },
      "17": {
        "start": {
          "line": 18,
          "column": 4
        },
        "end": {
          "line": 18,
          "column": null
        }
      },
      "18": {
        "start": {
          "line": 19,
          "column": 4
        },
        "end": {
          "line": 19,
          "column": null
        }
      }
    },
    "fnMap": {
      "0": {
        "name": "(anonymous_0)",
        "decl": {
          "start": {
            "line": 1,
            "column": 9
          },
          "end": {
            "line": 1,
            "column": 24
          }
        },
        "loc": {
          "start": {
            "line": 1,
            "column": 9
          },
          "end": {
            "line": 1,
            "column": 52
          }
        }
      },
      "1": {
        "name": "(anonymous_1)",
        "decl": {
          "start": {
            "line": 3,
            "column": 4
          },
          "end": {
            "line": 3,
            "column": 10
          }
        },
        "loc": {
          "start": {
            "line": 3,
            "column": 4
          },
          "end": {
            "line": 3,
            "column": null
          }
        }
      },
      "2": {
        "name": "(anonymous_2)",
        "decl": {
          "start": {
            "line": 4,
            "column": 4
          },
          "end": {
            "line": 4,
            "column": 15
          }
        },
        "loc": {
          "start": {
            "line": 4,
            "column": 4
          },
          "end": {
            "line": 4,
            "column": null
          }
        }
      },
      "3": {
        "name": "(anonymous_3)",
        "decl": {
          "start": {
            "line": 5,
            "column": 4
          },
          "end": {
            "line": 5,
            "column": 23
          }
        },
        "loc": {
          "start": {
            "line": 5,
            "column": 4
          },
          "end": {
            "line": 5,
            "column": null
          }
        }
      },
      "4": {
        "name": "(anonymous_4)",
        "decl": {
          "start": {
            "line": 6,
            "column": 4
          },
          "end": {
            "line": 6,
            "column": 21
          }
        },
        "loc": {
          "start": {
            "line": 6,
            "column": 4
          },
          "end": {
            "line": 6,
            "column": null
          }
        }
      },
      "5": {
        "name": "(anonymous_5)",
        "decl": {
          "start": {
            "line": 7,
            "column": 4
          },
          "end": {
            "line": 7,
            "column": 11
          }
        },
        "loc": {
          "start": {
            "line": 7,
            "column": 4
          },
          "end": {
            "line": 7,
            "column": null
          }
        }
      },
      "6": {
        "name": "(anonymous_6)",
        "decl": {
          "start": {
            "line": 8,
            "column": 4
          },
          "end": {
            "line": 8,
            "column": 20
          }
        },
        "loc": {
          "start": {
            "line": 8,
            "column": 4
          },
          "end": {
            "line": 8,
            "column": null
          }
        }
      },
      "7": {
        "name": "(anonymous_7)",
        "decl": {
          "start": {
            "line": 9,
            "column": 4
          },
          "end": {
            "line": 9,
            "column": 22
          }
        },
        "loc": {
          "start": {
            "line": 9,
            "column": 4
          },
          "end": {
            "line": 9,
            "column": null
          }
        }
      },
      "8": {
        "name": "(anonymous_8)",
        "decl": {
          "start": {
            "line": 12,
            "column": 4
          },
          "end": {
            "line": 12,
            "column": 27
          }
        },
        "loc": {
          "start": {
            "line": 12,
            "column": 4
          },
          "end": {
            "line": 12,
            "column": null
          }
        }
      },
      "9": {
        "name": "(anonymous_9)",
        "decl": {
          "start": {
            "line": 13,
            "column": 4
          },
          "end": {
            "line": 13,
            "column": 29
          }
        },
        "loc": {
          "start": {
            "line": 13,
            "column": 4
          },
          "end": {
            "line": 13,
            "column": null
          }
        }
      },
      "10": {
        "name": "(anonymous_10)",
        "decl": {
          "start": {
            "line": 14,
            "column": 4
          },
          "end": {
            "line": 14,
            "column": 25
          }
        },
        "loc": {
          "start": {
            "line": 14,
            "column": 4
          },
          "end": {
            "line": 14,
            "column": null
          }
        }
      },
      "11": {
        "name": "(anonymous_11)",
        "decl": {
          "start": {
            "line": 15,
            "column": 4
          },
          "end": {
            "line": 15,
            "column": 18
          }
        },
        "loc": {
          "start": {
            "line": 15,
            "column": 4
          },
          "end": {
            "line": 15,
            "column": null
          }
        }
      },
      "12": {
        "name": "(anonymous_12)",
        "decl": {
          "start": {
            "line": 16,
            "column": 4
          },
          "end": {
            "line": 16,
            "column": 19
          }
        },
        "loc": {
          "start": {
            "line": 16,
            "column": 4
          },
          "end": {
            "line": 16,
            "column": null
          }
        }
      },
      "13": {
        "name": "(anonymous_13)",
        "decl": {
          "start": {
            "line": 17,
            "column": 4
          },
          "end": {
            "line": 17,
            "column": 25
          }
        },
        "loc": {
          "start": {
            "line": 17,
            "column": 4
          },
          "end": {
            "line": 17,
            "column": null
          }
        }
      },
      "14": {
        "name": "(anonymous_14)",
        "decl": {
          "start": {
            "line": 18,
            "column": 4
          },
          "end": {
            "line": 18,
            "column": 18
          }
        },
        "loc": {
          "start": {
            "line": 18,
            "column": 4
          },
          "end": {
            "line": 18,
            "column": null
          }
        }
      },
      "15": {
        "name": "(anonymous_15)",
        "decl": {
          "start": {
            "line": 19,
            "column": 4
          },
          "end": {
            "line": 19,
            "column": 41
          }
        },
        "loc": {
          "start": {
            "line": 19,
            "column": 4
          },
          "end": {
            "line": 19,
            "column": null
          }
        }
      }
    },
    "branchMap": {},
    "s": {
      "0": 1,
      "1": 1,
      "2": 1,
      "3": 1,
      "4": 1,
      "5": 8,
      "6": 2,
      "7": 4,
      "8": 21,
      "9": 4,
      "10": 1,
      "11": 1,
      "12": 1,
      "13": 1,
      "14": 1,
      "15": 1,
      "16": 1,
      "17": 1,
      "18": 1
    },
    "f": {
      "0": 0,
      "1": 0,
      "2": 0,
      "3": 7,
      "4": 1,
      "5": 3,
      "6": 20,
      "7": 3,
      "8": 0,
      "9": 0,
      "10": 0,
      "11": 0,
      "12": 0,
      "13": 0,
      "14": 0,
      "15": 0
    },
    "b": {}
  },
  "C:/Projects/Mira/src/utils/emojiCharacters.ts": {
    "path": "C:/Projects/Mira/src/utils/emojiCharacters.ts",
    "statementMap": {
      "0": {
        "start": {
          "line": 1,
          "column": 13
        },
        "end": {
          "line": 55,
          "column": 2
        }
      }
    },
    "fnMap": {},
    "branchMap": {},
    "s": {
      "0": 1
    },
    "f": {},
    "b": {}
  },
  "C:/Projects/Mira/src/utils/discord.ts": {
    "path": "C:/Projects/Mira/src/utils/discord.ts",
    "statementMap": {
      "0": {
        "start": {
          "line": 1,
          "column": 0
        },
        "end": {
          "line": 1,
          "column": null
        }
      },
      "1": {
        "start": {
          "line": 18,
          "column": 0
        },
        "end": {
          "line": 18,
          "column": 42
        }
      },
      "2": {
        "start": {
          "line": 19,
          "column": 0
        },
        "end": {
          "line": 19,
          "column": 33
        }
      },
      "3": {
        "start": {
          "line": 20,
          "column": 0
        },
        "end": {
          "line": 20,
          "column": 41
        }
      },
      "4": {
        "start": {
          "line": 23,
          "column": 39
        },
        "end": {
          "line": 49,
          "column": 2
        }
      },
      "5": {
        "start": {
          "line": 26,
          "column": 23
        },
        "end": {
          "line": 49,
          "column": 2
        }
      },
      "6": {
        "start": {
          "line": 27,
          "column": 19
        },
        "end": {
          "line": 30,
          "column": 6
        }
      },
      "7": {
        "start": {
          "line": 27,
          "column": 74
        },
        "end": {
          "line": 30,
          "column": 6
        }
      },
      "8": {
        "start": {
          "line": 28,
          "column": 8
        },
        "end": {
          "line": 28,
          "column": 50
        }
      },
      "9": {
        "start": {
          "line": 29,
          "column": 8
        },
        "end": {
          "line": 29,
          "column": 56
        }
      },
      "10": {
        "start": {
          "line": 32,
          "column": 19
        },
        "end": {
          "line": 42,
          "column": 26
        }
      },
      "11": {
        "start": {
          "line": 40,
          "column": 16
        },
        "end": {
          "line": 40,
          "column": 37
        }
      },
      "12": {
        "start": {
          "line": 42,
          "column": 21
        },
        "end": {
          "line": 42,
          "column": 25
        }
      },
      "13": {
        "start": {
          "line": 44,
          "column": 4
        },
        "end": {
          "line": 46,
          "column": null
        }
      },
      "14": {
        "start": {
          "line": 45,
          "column": 8
        },
        "end": {
          "line": 45,
          "column": 40
        }
      },
      "15": {
        "start": {
          "line": 48,
          "column": 4
        },
        "end": {
          "line": 48,
          "column": 25
        }
      },
      "16": {
        "start": {
          "line": 23,
          "column": 13
        },
        "end": {
          "line": 23,
          "column": 39
        }
      },
      "17": {
        "start": {
          "line": 62,
          "column": 8
        },
        "end": {
          "line": 62,
          "column": 33
        }
      },
      "18": {
        "start": {
          "line": 64,
          "column": 8
        },
        "end": {
          "line": 64,
          "column": 27
        }
      },
      "19": {
        "start": {
          "line": 66,
          "column": 8
        },
        "end": {
          "line": 66,
          "column": 31
        }
      },
      "20": {
        "start": {
          "line": 67,
          "column": 8
        },
        "end": {
          "line": 67,
          "column": 33
        }
      },
      "21": {
        "start": {
          "line": 69,
          "column": 8
        },
        "end": {
          "line": 69,
          "column": 31
        }
      },
      "22": {
        "start": {
          "line": 70,
          "column": 8
        },
        "end": {
          "line": 70,
          "column": 33
        }
      },
      "23": {
        "start": {
          "line": 72,
          "column": 8
        },
        "end": {
          "line": 72,
          "column": 31
        }
      },
      "24": {
        "start": {
          "line": 73,
          "column": 8
        },
        "end": {
          "line": 73,
          "column": 33
        }
      },
      "25": {
        "start": {
          "line": 90,
          "column": 8
        },
        "end": {
          "line": 94,
          "column": 65
        }
      },
      "26": {
        "start": {
          "line": 98,
          "column": 8
        },
        "end": {
          "line": 98,
          "column": 33
        }
      },
      "27": {
        "start": {
          "line": 51,
          "column": 0
        },
        "end": {
          "line": 51,
          "column": 13
        }
      },
      "28": {
        "start": {
          "line": 103,
          "column": 41
        },
        "end": {
          "line": 189,
          "column": 2
        }
      },
      "29": {
        "start": {
          "line": 107,
          "column": 48
        },
        "end": {
          "line": 189,
          "column": 2
        }
      },
      "30": {
        "start": {
          "line": 108,
          "column": 21
        },
        "end": {
          "line": 111,
          "column": 6
        }
      },
      "31": {
        "start": {
          "line": 113,
          "column": 4
        },
        "end": {
          "line": 123,
          "column": 6
        }
      },
      "32": {
        "start": {
          "line": 125,
          "column": 4
        },
        "end": {
          "line": 136,
          "column": 6
        }
      },
      "33": {
        "start": {
          "line": 138,
          "column": 19
        },
        "end": {
          "line": 138,
          "column": 24
        }
      },
      "34": {
        "start": {
          "line": 140,
          "column": 20
        },
        "end": {
          "line": 141,
          "column": null
        }
      },
      "35": {
        "start": {
          "line": 141,
          "column": 36
        },
        "end": {
          "line": 141,
          "column": 65
        }
      },
      "36": {
        "start": {
          "line": 144,
          "column": 16
        },
        "end": {
          "line": 146,
          "column": null
        }
      },
      "37": {
        "start": {
          "line": 145,
          "column": 8
        },
        "end": {
          "line": 146,
          "column": null
        }
      },
      "38": {
        "start": {
          "line": 146,
          "column": 36
        },
        "end": {
          "line": 146,
          "column": 56
        }
      },
      "39": {
        "start": {
          "line": 149,
          "column": 4
        },
        "end": {
          "line": 149,
          "column": 48
        }
      },
      "40": {
        "start": {
          "line": 151,
          "column": 19
        },
        "end": {
          "line": 165,
          "column": 6
        }
      },
      "41": {
        "start": {
          "line": 151,
          "column": 66
        },
        "end": {
          "line": 165,
          "column": 6
        }
      },
      "42": {
        "start": {
          "line": 152,
          "column": 8
        },
        "end": {
          "line": 162,
          "column": null
        }
      },
      "43": {
        "start": {
          "line": 153,
          "column": 12
        },
        "end": {
          "line": 158,
          "column": null
        }
      },
      "44": {
        "start": {
          "line": 154,
          "column": 16
        },
        "end": {
          "line": 154,
          "column": 32
        }
      },
      "45": {
        "start": {
          "line": 155,
          "column": 16
        },
        "end": {
          "line": 155,
          "column": 28
        }
      },
      "46": {
        "start": {
          "line": 156,
          "column": 19
        },
        "end": {
          "line": 158,
          "column": null
        }
      },
      "47": {
        "start": {
          "line": 157,
          "column": 16
        },
        "end": {
          "line": 157,
          "column": 28
        }
      },
      "48": {
        "start": {
          "line": 160,
          "column": 12
        },
        "end": {
          "line": 160,
          "column": 62
        }
      },
      "49": {
        "start": {
          "line": 161,
          "column": 12
        },
        "end": {
          "line": 161,
          "column": 68
        }
      },
      "50": {
        "start": {
          "line": 164,
          "column": 8
        },
        "end": {
          "line": 164,
          "column": 21
        }
      },
      "51": {
        "start": {
          "line": 167,
          "column": 4
        },
        "end": {
          "line": 173,
          "column": 27
        }
      },
      "52": {
        "start": {
          "line": 173,
          "column": 21
        },
        "end": {
          "line": 173,
          "column": 25
        }
      },
      "53": {
        "start": {
          "line": 175,
          "column": 4
        },
        "end": {
          "line": 177,
          "column": null
        }
      },
      "54": {
        "start": {
          "line": 176,
          "column": 8
        },
        "end": {
          "line": 176,
          "column": 20
        }
      },
      "55": {
        "start": {
          "line": 179,
          "column": 4
        },
        "end": {
          "line": 179,
          "column": 42
        }
      },
      "56": {
        "start": {
          "line": 180,
          "column": 4
        },
        "end": {
          "line": 180,
          "column": 44
        }
      },
      "57": {
        "start": {
          "line": 182,
          "column": 47
        },
        "end": {
          "line": 182,
          "column": 49
        }
      },
      "58": {
        "start": {
          "line": 184,
          "column": 4
        },
        "end": {
          "line": 186,
          "column": null
        }
      },
      "59": {
        "start": {
          "line": 185,
          "column": 8
        },
        "end": {
          "line": 185,
          "column": 47
        }
      },
      "60": {
        "start": {
          "line": 188,
          "column": 4
        },
        "end": {
          "line": 188,
          "column": 18
        }
      },
      "61": {
        "start": {
          "line": 103,
          "column": 13
        },
        "end": {
          "line": 103,
          "column": 41
        }
      },
      "62": {
        "start": {
          "line": 192,
          "column": 37
        },
        "end": {
          "line": 272,
          "column": 2
        }
      },
      "63": {
        "start": {
          "line": 196,
          "column": 19
        },
        "end": {
          "line": 272,
          "column": 2
        }
      },
      "64": {
        "start": {
          "line": 198,
          "column": 8
        },
        "end": {
          "line": 200,
          "column": 47
        }
      },
      "65": {
        "start": {
          "line": 202,
          "column": 30
        },
        "end": {
          "line": 202,
          "column": 32
        }
      },
      "66": {
        "start": {
          "line": 203,
          "column": 4
        },
        "end": {
          "line": 205,
          "column": null
        }
      },
      "67": {
        "start": {
          "line": 203,
          "column": 17
        },
        "end": {
          "line": 203,
          "column": 18
        }
      },
      "68": {
        "start": {
          "line": 204,
          "column": 8
        },
        "end": {
          "line": 204,
          "column": 67
        }
      },
      "69": {
        "start": {
          "line": 207,
          "column": 21
        },
        "end": {
          "line": 207,
          "column": 22
        }
      },
      "70": {
        "start": {
          "line": 209,
          "column": 19
        },
        "end": {
          "line": 225,
          "column": 6
        }
      },
      "71": {
        "start": {
          "line": 209,
          "column": 30
        },
        "end": {
          "line": 225,
          "column": 6
        }
      },
      "72": {
        "start": {
          "line": 210,
          "column": 8
        },
        "end": {
          "line": 220,
          "column": 14
        }
      },
      "73": {
        "start": {
          "line": 221,
          "column": 8
        },
        "end": {
          "line": 224,
          "column": 23
        }
      },
      "74": {
        "start": {
          "line": 227,
          "column": 20
        },
        "end": {
          "line": 227,
          "column": 34
        }
      },
      "75": {
        "start": {
          "line": 229,
          "column": 4
        },
        "end": {
          "line": 231,
          "column": null
        }
      },
      "76": {
        "start": {
          "line": 230,
          "column": 8
        },
        "end": {
          "line": 230,
          "column": 15
        }
      },
      "77": {
        "start": {
          "line": 233,
          "column": 19
        },
        "end": {
          "line": 255,
          "column": 6
        }
      },
      "78": {
        "start": {
          "line": 236,
          "column": 8
        },
        "end": {
          "line": 255,
          "column": 6
        }
      },
      "79": {
        "start": {
          "line": 237,
          "column": 8
        },
        "end": {
          "line": 252,
          "column": null
        }
      },
      "80": {
        "start": {
          "line": 238,
          "column": 29
        },
        "end": {
          "line": 238,
          "column": 61
        }
      },
      "81": {
        "start": {
          "line": 239,
          "column": 12
        },
        "end": {
          "line": 249,
          "column": null
        }
      },
      "82": {
        "start": {
          "line": 240,
          "column": 16
        },
        "end": {
          "line": 242,
          "column": null
        }
      },
      "83": {
        "start": {
          "line": 241,
          "column": 20
        },
        "end": {
          "line": 241,
          "column": 36
        }
      },
      "84": {
        "start": {
          "line": 243,
          "column": 19
        },
        "end": {
          "line": 249,
          "column": null
        }
      },
      "85": {
        "start": {
          "line": 244,
          "column": 16
        },
        "end": {
          "line": 246,
          "column": null
        }
      },
      "86": {
        "start": {
          "line": 245,
          "column": 20
        },
        "end": {
          "line": 245,
          "column": 36
        }
      },
      "87": {
        "start": {
          "line": 248,
          "column": 16
        },
        "end": {
          "line": 248,
          "column": 28
        }
      },
      "88": {
        "start": {
          "line": 251,
          "column": 12
        },
        "end": {
          "line": 251,
          "column": 27
        }
      },
      "89": {
        "start": {
          "line": 254,
          "column": 8
        },
        "end": {
          "line": 254,
          "column": 21
        }
      },
      "90": {
        "start": {
          "line": 257,
          "column": 4
        },
        "end": {
          "line": 269,
          "column": 7
        }
      },
      "91": {
        "start": {
          "line": 258,
          "column": 19
        },
        "end": {
          "line": 262,
          "column": null
        }
      },
      "92": {
        "start": {
          "line": 259,
          "column": 12
        },
        "end": {
          "line": 259,
          "column": 60
        }
      },
      "93": {
        "start": {
          "line": 260,
          "column": 12
        },
        "end": {
          "line": 260,
          "column": 61
        }
      },
      "94": {
        "start": {
          "line": 261,
          "column": 12
        },
        "end": {
          "line": 261,
          "column": 52
        }
      },
      "95": {
        "start": {
          "line": 268,
          "column": 25
        },
        "end": {
          "line": 268,
          "column": 29
        }
      },
      "96": {
        "start": {
          "line": 271,
          "column": 4
        },
        "end": {
          "line": 271,
          "column": 40
        }
      },
      "97": {
        "start": {
          "line": 192,
          "column": 13
        },
        "end": {
          "line": 192,
          "column": 37
        }
      },
      "98": {
        "start": {
          "line": 274,
          "column": 30
        },
        "end": {
          "line": 282,
          "column": 2
        }
      },
      "99": {
        "start": {
          "line": 276,
          "column": 33
        },
        "end": {
          "line": 282,
          "column": 2
        }
      },
      "100": {
        "start": {
          "line": 277,
          "column": 4
        },
        "end": {
          "line": 281,
          "column": 6
        }
      },
      "101": {
        "start": {
          "line": 274,
          "column": 13
        },
        "end": {
          "line": 274,
          "column": 30
        }
      },
      "102": {
        "start": {
          "line": 284,
          "column": 31
        },
        "end": {
          "line": 292,
          "column": 2
        }
      },
      "103": {
        "start": {
          "line": 286,
          "column": 34
        },
        "end": {
          "line": 292,
          "column": 2
        }
      },
      "104": {
        "start": {
          "line": 287,
          "column": 4
        },
        "end": {
          "line": 291,
          "column": 6
        }
      },
      "105": {
        "start": {
          "line": 284,
          "column": 13
        },
        "end": {
          "line": 284,
          "column": 31
        }
      },
      "106": {
        "start": {
          "line": 294,
          "column": 37
        },
        "end": {
          "line": 303,
          "column": 2
        }
      },
      "107": {
        "start": {
          "line": 297,
          "column": 40
        },
        "end": {
          "line": 303,
          "column": 2
        }
      },
      "108": {
        "start": {
          "line": 298,
          "column": 4
        },
        "end": {
          "line": 302,
          "column": 6
        }
      },
      "109": {
        "start": {
          "line": 294,
          "column": 13
        },
        "end": {
          "line": 294,
          "column": 37
        }
      },
      "110": {
        "start": {
          "line": 305,
          "column": 30
        },
        "end": {
          "line": 314,
          "column": 2
        }
      },
      "111": {
        "start": {
          "line": 308,
          "column": 33
        },
        "end": {
          "line": 314,
          "column": 2
        }
      },
      "112": {
        "start": {
          "line": 309,
          "column": 4
        },
        "end": {
          "line": 313,
          "column": 6
        }
      },
      "113": {
        "start": {
          "line": 305,
          "column": 13
        },
        "end": {
          "line": 305,
          "column": 30
        }
      },
      "114": {
        "start": {
          "line": 316,
          "column": 53
        },
        "end": {
          "line": 324,
          "column": 1
        }
      },
      "115": {
        "start": {
          "line": 321,
          "column": 4
        },
        "end": {
          "line": 323,
          "column": null
        }
      },
      "116": {
        "start": {
          "line": 322,
          "column": 8
        },
        "end": {
          "line": 322,
          "column": 38
        }
      },
      "117": {
        "start": {
          "line": 316,
          "column": 13
        },
        "end": {
          "line": 316,
          "column": 53
        }
      }
    },
    "fnMap": {
      "0": {
        "name": "(anonymous_7)",
        "decl": {
          "start": {
            "line": 23,
            "column": 39
          },
          "end": {
            "line": 23,
            "column": null
          }
        },
        "loc": {
          "start": {
            "line": 26,
            "column": 23
          },
          "end": {
            "line": 49,
            "column": 2
          }
        }
      },
      "1": {
        "name": "(anonymous_8)",
        "decl": {
          "start": {
            "line": 26,
            "column": 23
          },
          "end": {
            "line": 26,
            "column": null
          }
        },
        "loc": {
          "start": {
            "line": 26,
            "column": 23
          },
          "end": {
            "line": 49,
            "column": 1
          }
        }
      },
      "2": {
        "name": "(anonymous_9)",
        "decl": {
          "start": {
            "line": 27,
            "column": 19
          },
          "end": {
            "line": 27,
            "column": 26
          }
        },
        "loc": {
          "start": {
            "line": 27,
            "column": 74
          },
          "end": {
            "line": 30,
            "column": 6
          }
        }
      },
      "3": {
        "name": "(anonymous_10)",
        "decl": {
          "start": {
            "line": 27,
            "column": 74
          },
          "end": {
            "line": 27,
            "column": null
          }
        },
        "loc": {
          "start": {
            "line": 27,
            "column": 74
          },
          "end": {
            "line": 30,
            "column": 5
          }
        }
      },
      "4": {
        "name": "(anonymous_11)",
        "decl": {
          "start": {
            "line": 39,
            "column": 12
          },
          "end": {
            "line": 39,
            "column": 13
          }
        },
        "loc": {
[...]
      "0": 1,
      "1": 1,
      "2": 1,
      "3": 1,
      "4": 1,
      "5": 0,
      "6": 0,
      "7": 0,
      "8": 0,
      "9": 0,
      "10": 0,
      "11": 0,
      "12": 0,
      "13": 0,
      "14": 0,
      "15": 0,
      "16": 1,
      "17": 0,
      "18": 0,
      "19": 0,
      "20": 0,
      "21": 0,
      "22": 0,
      "23": 0,
      "24": 0,
      "25": 0,
      "26": 0,
      "27": 1,
      "28": 1,
      "29": 0,
      "30": 0,
      "31": 0,
      "32": 0,
      "33": 0,
      "34": 0,
      "35": 0,
      "36": 0,
      "37": 0,
      "38": 0,
      "39": 0,
      "40": 0,
      "41": 0,
      "42": 0,
      "43": 0,
      "44": 0,
      "45": 0,
      "46": 0,
      "47": 0,
      "48": 0,
      "49": 0,
      "50": 0,
      "51": 0,
      "52": 0,
      "53": 0,
      "54": 0,
      "55": 0,
      "56": 0,
      "57": 0,
      "58": 0,
      "59": 0,
      "60": 0,
      "61": 1,
      "62": 1,
      "63": 0,
      "64": 0,
      "65": 0,
      "66": 0,
      "67": 0,
      "68": 0,
      "69": 0,
      "70": 0,
      "71": 0,
      "72": 0,
      "73": 0,
      "74": 0,
      "75": 0,
      "76": 0,
      "77": 0,
      "78": 0,
      "79": 0,
      "80": 0,
      "81": 0,
      "82": 0,
      "83": 0,
      "84": 0,
      "85": 0,
      "86": 0,
      "87": 0,
      "88": 0,
      "89": 0,
      "90": 0,
      "91": 0,
      "92": 0,
      "93": 0,
      "94": 0,
      "95": 0,
      "96": 0,
      "97": 1,
      "98": 1,
      "99": 0,
      "100": 0,
      "101": 1,
      "102": 1,
      "103": 0,
      "104": 0,
      "105": 1,
      "106": 1,
      "107": 0,
      "108": 0,
      "109": 1,
      "110": 1,
      "111": 0,
      "112": 0,
      "113": 1,
      "114": 1,
      "115": 0,
      "116": 0,
      "117": 1
    },
    "f": {
      "0": 0,
      "1": 0,
      "2": 0,
      "3": 0,
      "4": 0,
      "5": 0,
      "6": 0,
      "7": 0,
      "8": 0,
      "9": 0,
      "10": 0,
      "11": 0,
      "12": 0,
      "13": 0,
      "14": 0,
      "15": 0,
      "16": 0,
      "17": 0,
      "18": 0,
      "19": 0,
      "20": 0,
      "21": 0,
      "22": 0,
      "23": 0,
      "24": 0,
      "25": 0,
      "26": 0,
      "27": 0,
      "28": 0,
      "29": 0,
      "30": 0,
      "31": 0,
      "32": 0,
      "33": 0,
      "34": 0
    },
    "b": {
      "0": [
        0,
        0
      ],
      "1": [
        0
      ],
      "2": [
        0
      ],
      "3": [
        0
      ],
      "4": [
        0
      ],
      "5": [
        0
      ],
      "6": [
        0,
        0
      ],
      "7": [
        0,
        0
      ],
      "8": [
        0,
        0
      ],
      "9": [
        0,
        0
      ],
      "10": [
        0,
        0
      ],
      "11": [
        0,
        0
      ],
      "12": [
        0,
        0
      ],
      "13": [
        0,
        0
      ],
      "14": [
        0,
        0
      ],
      "15": [
        0,
        0
      ],
      "16": [
        0,
        0
      ],
      "17": [
        0,
        0
      ],
      "18": [
        0,
        0
      ],
      "19": [
        0,
        0
      ],
      "20": [
        0,
        0
      ],
      "21": [
        0,
        0
      ],
      "22": [
        0,
        0
      ],
      "23": [
        0,
        0
      ],
      "24": [
        0,
        0,
        0
      ],
      "25": [
        0,
        0,
        0
      ],
      "26": [
        0,
        0,
        0
      ],
      "27": [
        0,
        0,
        0
      ],
      "28": [
        0
      ],
      "29": [
        0
      ],
      "30": [
        0,
        0
      ]
    }
  },
  "C:/Projects/Mira/src/services/client.ts": {
    "path": "C:/Projects/Mira/src/services/client.ts",
    "statementMap": {
      "0": {
        "start": {
          "line": 1,
          "column": 0
        },
        "end": {
          "line": 1,
          "column": 45
        }
      },
      "1": {
        "start": {
          "line": 2,
          "column": 0
        },
        "end": {
          "line": 2,
          "column": 33
        }
      },
      "2": {
        "start": {
          "line": 3,
          "column": 0
        },
        "end": {
          "line": 3,
          "column": 39
        }
      },
      "3": {
        "start": {
          "line": 7,
          "column": 26
        },
        "end": {
          "line": 68,
          "column": 2
        }
      },
      "4": {
        "start": {
          "line": 7,
          "column": 54
        },
        "end": {
          "line": 68,
          "column": 2
        }
      },
      "5": {
        "start": {
          "line": 8,
          "column": 4
        },
        "end": {
          "line": 10,
          "column": null
        }
      },
      "6": {
        "start": {
          "line": 9,
          "column": 8
        },
        "end": {
          "line": 9,
          "column": 59
        }
      },
      "7": {
        "start": {
          "line": 12,
          "column": 4
        },
        "end": {
          "line": 37,
          "column": 7
        }
      },
      "8": {
        "start": {
          "line": 39,
          "column": 4
        },
        "end": {
          "line": 39,
          "column": 69
        }
      },
      "9": {
        "start": {
          "line": 39,
          "column": 34
        },
        "end": {
          "line": 39,
          "column": 67
        }
      },
      "10": {
        "start": {
          "line": 41,
          "column": 4
        },
        "end": {
          "line": 41,
          "column": 32
        }
      },
      "11": {
        "start": {
          "line": 43,
          "column": 4
        },
        "end": {
          "line": 43,
          "column": 72
        }
      },
      "12": {
        "start": {
          "line": 43,
          "column": 34
        },
        "end": {
          "line": 43,
          "column": 70
        }
      },
      "13": {
        "start": {
          "line": 45,
          "column": 4
        },
        "end": {
          "line": 49,
          "column": 11
        }
      },
      "14": {
        "start": {
          "line": 48,
          "column": 12
        },
        "end": {
          "line": 48,
          "column": 77
        }
      },
      "15": {
        "start": {
          "line": 51,
          "column": 4
        },
        "end": {
          "line": 51,
          "column": 41
        }
      },
      "16": {
        "start": {
          "line": 53,
          "column": 4
        },
        "end": {
          "line": 55,
          "column": null
        }
      },
      "17": {
        "start": {
          "line": 54,
          "column": 8
        },
        "end": {
          "line": 54,
          "column": 72
        }
      },
      "18": {
        "start": {
          "line": 57,
          "column": 4
        },
        "end": {
          "line": 65,
          "column": 7
        }
      },
      "19": {
        "start": {
          "line": 67,
          "column": 4
        },
        "end": {
          "line": 67,
          "column": 18
        }
      },
      "20": {
        "start": {
          "line": 7,
          "column": 13
        },
        "end": {
          "line": 7,
          "column": 26
        }
      },
      "21": {
        "start": {
          "line": 70,
          "column": 29
        },
        "end": {
          "line": 72,
          "column": 1
        }
      },
      "22": {
        "start": {
          "line": 71,
          "column": 4
        },
        "end": {
          "line": 71,
          "column": 28
        }
      },
      "23": {
        "start": {
          "line": 70,
          "column": 13
        },
        "end": {
          "line": 70,
          "column": 29
        }
      }
    },
    "fnMap": {
      "0": {
        "name": "(anonymous_7)",
        "decl": {
          "start": {
            "line": 7,
            "column": 26
          },
          "end": {
            "line": 7,
            "column": 52
          }
        },
        "loc": {
          "start": {
            "line": 7,
            "column": 54
          },
          "end": {
            "line": 68,
            "column": 2
          }
        }
      },
      "1": {
        "name": "(anonymous_8)",
        "decl": {
          "start": {
            "line": 7,
            "column": 54
          },
          "end": {
            "line": 7,
            "column": null
          }
        },
        "loc": {
          "start": {
            "line": 7,
            "column": 54
          },
          "end": {
            "line": 68,
            "column": 1
          }
        }
      },
      "2": {
        "name": "(anonymous_9)",
        "decl": {
          "start": {
            "line": 39,
            "column": 28
          },
          "end": {
            "line": 39,
            "column": 31
          }
        },
        "loc": {
          "start": {
            "line": 39,
            "column": 34
          },
          "end": {
            "line": 39,
            "column": 67
          }
        }
      },
      "3": {
        "name": "(anonymous_10)",
        "decl": {
          "start": {
            "line": 43,
            "column": 23
          },
          "end": {
            "line": 43,
            "column": 24
          }
        },
        "loc": {
          "start": {
            "line": 43,
            "column": 34
          },
          "end": {
            "line": 43,
            "column": 70
          }
        }
      },
      "4": {
        "name": "(anonymous_11)",
        "decl": {
          "start": {
            "line": 47,
            "column": 21
          },
          "end": {
            "line": 47,
            "column": 24
          }
        },
        "loc": {
          "start": {
            "line": 47,
            "column": 26
          },
          "end": {
            "line": 49,
            "column": 9
          }
        }
      },
      "5": {
        "name": "(anonymous_12)",
        "decl": {
          "start": {
            "line": 70,
            "column": 29
          },
          "end": {
            "line": 70,
            "column": 38
          }
        },
        "loc": {
          "start": {
            "line": 70,
            "column": 40
          },
          "end": {
            "line": 72,
            "column": 1
          }
        }
      }
    },
    "branchMap": {
      "0": {
        "loc": {
          "start": {
            "line": 8,
            "column": 4
          },
          "end": {
            "line": 10,
            "column": null
          }
        },
        "type": "if",
        "locations": [
          {
            "start": {
              "line": 8,
              "column": 4
            },
            "end": {
              "line": 10,
              "column": null
            }
          },
          {
            "start": {
              "line": 8,
              "column": 4
            },
            "end": {
              "line": 10,
              "column": null
            }
          }
        ]
      },
      "1": {
        "loc": {
          "start": {
            "line": 48,
            "column": 28
          },
          "end": {
            "line": 48,
            "column": 63
          }
        },
        "type": "binary-expr",
        "locations": [
          {
            "start": {
              "line": 48,
              "column": 28
            },
            "end": {
              "line": 48,
              "column": 44
            }
          },
          {
            "start": {
              "line": 48,
              "column": 48
            },
            "end": {
              "line": 48,
              "column": 63
            }
          }
        ]
      },
      "2": {
        "loc": {
          "start": {
            "line": 48,
            "column": 28
          },
          "end": {
            "line": 48,
            "column": 44
          }
        },
        "type": "cond-expr",
        "locations": [
          {
            "start": {
              "line": 48,
              "column": 39
            },
            "end": {
              "line": 48,
              "column": 41
            }
          },
          {
            "start": {
              "line": 48,
              "column": 39
            },
            "end": {
              "line": 48,
              "column": 44
            }
          }
        ]
      },
      "3": {
        "loc": {
          "start": {
            "line": 48,
            "column": 28
          },
          "end": {
            "line": 48,
            "column": 41
          }
        },
        "type": "binary-expr",
        "locations": [
          {
            "start": {
              "line": 48,
              "column": 28
            },
            "end": {
              "line": 48,
              "column": 41
            }
          },
          {
            "start": {
              "line": 48,
              "column": 39
            },
            "end": {
              "line": 48,
              "column": 41
            }
          }
        ]
      },
      "4": {
        "loc": {
          "start": {
            "line": 53,
            "column": 4
          },
          "end": {
            "line": 55,
            "column": null
          }
        },
        "type": "if",
        "locations": [
          {
            "start": {
              "line": 53,
              "column": 4
            },
            "end": {
              "line": 55,
              "column": null
            }
          },
          {
            "start": {
              "line": 53,
              "column": 4
            },
            "end": {
              "line": 55,
              "column": null
            }
          }
        ]
      }
    },
    "s": {
      "0": 1,
      "1": 1,
      "2": 1,
      "3": 1,
      "4": 0,
      "5": 0,
      "6": 0,
      "7": 0,
      "8": 0,
      "9": 0,
      "10": 0,
      "11": 0,
      "12": 0,
      "13": 0,
      "14": 0,
      "15": 0,
      "16": 0,
      "17": 0,
      "18": 0,
      "19": 0,
      "20": 1,
      "21": 1,
      "22": 0,
      "23": 1
    },
    "f": {
      "0": 0,
      "1": 0,
      "2": 0,
      "3": 0,
      "4": 0,
      "5": 0
    },
    "b": {
      "0": [
        0,
        0
      ],
      "1": [
        0,
        0
      ],
      "2": [
        0,
        0
      ],
      "3": [
        0,
        0
      ],
      "4": [
        0,
        0
      ]
    }
  },
  "C:/Projects/Mira/src/services/logger.ts": {
    "path": "C:/Projects/Mira/src/services/logger.ts",
    "statementMap": {
      "0": {
        "start": {
          "line": 1,
          "column": 0
        },
        "end": {
          "line": 1,
          "column": 24
        }
      },
      "1": {
        "start": {
          "line": 3,
          "column": 15
        },
        "end": {
          "line": 12,
          "column": 2
        }
      },
      "2": {
        "start": {
          "line": 14,
          "column": 13
        },
        "end": {
          "line": 27,
          "column": 2
        }
      },
      "3": {
        "start": {
          "line": 16,
          "column": 8
        },
        "end": {
          "line": 16,
          "column": 29
        }
      },
      "4": {
        "start": {
          "line": 17,
          "column": 8
        },
        "end": {
          "line": 17,
          "column": 40
        }
      },
      "5": {
        "start": {
          "line": 20,
          "column": 8
        },
        "end": {
          "line": 20,
          "column": 29
        }
      },
      "6": {
        "start": {
          "line": 21,
          "column": 8
        },
        "end": {
          "line": 21,
          "column": 41
        }
      },
      "7": {
        "start": {
          "line": 24,
          "column": 8
        },
        "end": {
          "line": 24,
          "column": 30
        }
      },
      "8": {
        "start": {
          "line": 25,
          "column": 8
        },
        "end": {
          "line": 25,
          "column": 42
        }
      }
    },
    "fnMap": {
      "0": {
        "name": "(anonymous_1)",
        "decl": {
          "start": {
            "line": 15,
            "column": 10
          },
          "end": {
            "line": 15,
            "column": 11
          }
        },
        "loc": {
          "start": {
            "line": 15,
            "column": 54
          },
          "end": {
            "line": 18,
            "column": 5
          }
        }
      },
      "1": {
        "name": "(anonymous_2)",
        "decl": {
          "start": {
            "line": 19,
            "column": 10
          },
          "end": {
            "line": 19,
            "column": 11
          }
        },
        "loc": {
          "start": {
            "line": 19,
            "column": 54
          },
          "end": {
            "line": 22,
            "column": 5
          }
        }
      },
      "2": {
        "name": "(anonymous_3)",
        "decl": {
          "start": {
            "line": 23,
            "column": 11
          },
          "end": {
            "line": 23,
            "column": 12
          }
        },
        "loc": {
          "start": {
            "line": 23,
            "column": 55
          },
          "end": {
            "line": 26,
            "column": 5
          }
        }
      }
    },
    "branchMap": {
      "0": {
        "loc": {
          "start": {
            "line": 17,
            "column": 8
          },
          "end": {
            "line": 17,
            "column": 39
          }
        },
        "type": "binary-expr",
        "locations": [
          {
            "start": {
              "line": 17,
              "column": 8
            },
            "end": {
              "line": 17,
              "column": 15
            }
          },
          {
            "start": {
              "line": 17,
              "column": 19
            },
            "end": {
              "line": 17,
              "column": 39
            }
          }
        ]
      },
      "1": {
        "loc": {
          "start": {
            "line": 21,
            "column": 8
          },
          "end": {
            "line": 21,
            "column": 40
          }
        },
        "type": "binary-expr",
        "locations": [
          {
            "start": {
              "line": 21,
              "column": 8
            },
            "end": {
              "line": 21,
              "column": 15
            }
          },
          {
            "start": {
              "line": 21,
              "column": 19
            },
            "end": {
              "line": 21,
              "column": 40
            }
          }
        ]
      },
      "2": {
        "loc": {
          "start": {
            "line": 25,
            "column": 8
          },
          "end": {
            "line": 25,
            "column": 41
          }
        },
        "type": "binary-expr",
        "locations": [
          {
            "start": {
              "line": 25,
              "column": 8
            },
            "end": {
              "line": 25,
              "column": 15
            }
          },
          {
            "start": {
              "line": 25,
              "column": 19
            },
            "end": {
              "line": 25,
              "column": 41
            }
          }
        ]
      }
    },
    "s": {
      "0": 1,
      "1": 1,
      "2": 1,
      "3": 0,
      "4": 0,
      "5": 0,
      "6": 0,
      "7": 0,
      "8": 0
    },
    "f": {
      "0": 0,
      "1": 0,
      "2": 0
    },
    "b": {
      "0": [
        0,
        0
      ],
      "1": [
        0,
        0
      ],
      "2": [
        0,
        0
      ]
    }
  }
}